::1 - - [12/Jan/2024:05:16:45 +0000] "PUT /api/v1/categoreis/2 HTTP/1.1" 200 31 "-" "PostmanRuntime/7.36.0"
::1 - - [12/Jan/2024:05:42:54 +0000] "GET /api/v1/categoties HTTP/1.1" 404 156 "-" "PostmanRuntime/7.36.0"
::1 - - [12/Jan/2024:05:43:08 +0000] "GET /api/v1/categoreis/ HTTP/1.1" 200 33 "-" "PostmanRuntime/7.36.0"
::1 - - [12/Jan/2024:05:45:24 +0000] "POST /api/v1/categoreis HTTP/1.1" 200 30 "-" "PostmanRuntime/7.36.0"
::1 - - [12/Jan/2024:05:46:09 +0000] "PUT /api/v1/categoreis/1 HTTP/1.1" 200 31 "-" "PostmanRuntime/7.36.0"
::1 - - [12/Jan/2024:05:46:20 +0000] "DELETE /api/v1/categoreis/1 HTTP/1.1" 200 34 "-" "PostmanRuntime/7.36.0"
::1 - - [15/Jan/2024:02:15:49 +0000] "POST /api/v1/categoreis HTTP/1.1" 200 30 "-" "PostmanRuntime/7.36.0"
::1 - - [15/Jan/2024:02:18:11 +0000] "POST /api/v1/categoreis HTTP/1.1" 200 30 "-" "PostmanRuntime/7.36.0"
::1 - - [15/Jan/2024:02:21:19 +0000] "POST /api/v1/categoreis HTTP/1.1" 200 30 "-" "PostmanRuntime/7.36.0"
::1 - - [15/Jan/2024:02:22:20 +0000] "POST /api/v1/categoreis HTTP/1.1" 200 30 "-" "PostmanRuntime/7.36.0"
::1 - - [15/Jan/2024:02:23:28 +0000] "POST /api/v1/categoreis HTTP/1.1" 200 30 "-" "PostmanRuntime/7.36.0"
::1 - - [15/Jan/2024:02:23:36 +0000] "POST /api/v1/categoreis HTTP/1.1" 200 30 "-" "PostmanRuntime/7.36.0"
::1 - - [15/Jan/2024:02:26:35 +0000] "POST /api/v1/categoreis HTTP/1.1" 200 30 "-" "PostmanRuntime/7.36.0"
::1 - - [15/Jan/2024:02:28:01 +0000] "POST /api/v1/categoreis HTTP/1.1" 200 30 "-" "PostmanRuntime/7.36.0"
::1 - - [15/Jan/2024:02:28:16 +0000] "POST /api/v1/categoreis HTTP/1.1" 200 30 "-" "PostmanRuntime/7.36.0"
::1 - - [15/Jan/2024:02:28:27 +0000] "POST /api/v1/categoreis HTTP/1.1" 200 30 "-" "PostmanRuntime/7.36.0"
::1 - - [15/Jan/2024:02:29:07 +0000] "POST /api/v1/categoreis HTTP/1.1" 200 30 "-" "PostmanRuntime/7.36.0"
::1 - - [15/Jan/2024:02:31:18 +0000] "POST /api/v1/categoreis HTTP/1.1" 200 28 "-" "PostmanRuntime/7.36.0"
::1 - - [15/Jan/2024:02:31:53 +0000] "POST /api/v1/categoreis HTTP/1.1" 200 148 "-" "PostmanRuntime/7.36.0"
::1 - - [15/Jan/2024:02:41:20 +0000] "POST /api/v1/categoreis HTTP/1.1" 200 108 "-" "PostmanRuntime/7.36.0"
::1 - - [15/Jan/2024:02:42:48 +0000] "POST /api/v1/categoreis HTTP/1.1" 200 148 "-" "PostmanRuntime/7.36.0"
::1 - - [15/Jan/2024:02:53:12 +0000] "POST /api/v1/categoreis HTTP/1.1" 200 409 "-" "PostmanRuntime/7.36.0"
::1 - - [15/Jan/2024:02:56:20 +0000] "POST /api/v1/categoreis HTTP/1.1" 200 409 "-" "PostmanRuntime/7.36.0"
::1 - - [15/Jan/2024:02:57:28 +0000] "POST /api/v1/categoreis HTTP/1.1" 200 178 "-" "PostmanRuntime/7.36.0"
::1 - - [15/Jan/2024:03:04:49 +0000] "GET /api/v1/categoreis/ HTTP/1.1" 200 180 "-" "PostmanRuntime/7.36.0"
::1 - - [15/Jan/2024:03:05:08 +0000] "POST /api/v1/categoreis HTTP/1.1" 200 180 "-" "PostmanRuntime/7.36.0"
::1 - - [15/Jan/2024:03:05:13 +0000] "GET /api/v1/categoreis/ HTTP/1.1" 200 337 "-" "PostmanRuntime/7.36.0"
::1 - - [15/Jan/2024:03:07:58 +0000] "GET /api/v1/categoreis/65a4a0e40c5a08650af97be4 HTTP/1.1" 200 180 "-" "PostmanRuntime/7.36.0"
::1 - - [15/Jan/2024:03:09:50 +0000] "GET /api/v1/categoreis/65a4a0e40c5a08650af97be4 HTTP/1.1" 200 180 "-" "PostmanRuntime/7.36.0"
::1 - - [15/Jan/2024:03:09:55 +0000] "GET /api/v1/categoreis/65a4a0e40c5a08650af97be7 HTTP/1.1" 400 27 "-" "PostmanRuntime/7.36.0"
::1 - - [15/Jan/2024:03:14:01 +0000] "DELETE /api/v1/categoreis/65a4a0e40c5a08650af97be4 HTTP/1.1" 400 180 "-" "PostmanRuntime/7.36.0"
::1 - - [15/Jan/2024:03:14:08 +0000] "GET /api/v1/categoreis/ HTTP/1.1" 200 180 "-" "PostmanRuntime/7.36.0"
::1 - - [15/Jan/2024:03:14:21 +0000] "DELETE /api/v1/categoreis/65a4a0e40c5a08650af97be43 HTTP/1.1" 400 320 "-" "PostmanRuntime/7.36.0"
::1 - - [15/Jan/2024:03:15:18 +0000] "DELETE /api/v1/categoreis/65a4a0e40c5a08650af97b HTTP/1.1" 400 312 "-" "PostmanRuntime/7.36.0"
::1 - - [15/Jan/2024:03:15:31 +0000] "DELETE /api/v1/categoreis/65a49f18255a3655aeedbcf9 HTTP/1.1" 200 28 "-" "PostmanRuntime/7.36.0"
::1 - - [15/Jan/2024:03:22:58 +0000] "GET /api/v1/categoreis/ HTTP/1.1" 200 180 "-" "PostmanRuntime/7.36.1"
::1 - - [15/Jan/2024:03:23:02 +0000] "PUT /api/v1/categoreis/1 HTTP/1.1" 400 249 "-" "PostmanRuntime/7.36.1"
::1 - - [15/Jan/2024:03:23:24 +0000] "PUT /api/v1/categoreis/65a49f18255a3655aeedbcf1 HTTP/1.1" 400 180 "-" "PostmanRuntime/7.36.1"
::1 - - [15/Jan/2024:03:23:31 +0000] "GET /api/v1/categoreis/ HTTP/1.1" 200 182 "-" "PostmanRuntime/7.36.1"
::1 - - [15/Jan/2024:03:34:30 +0000] "GET /api/v1/categoreis/65a4a0e40c5a08650af97be7 HTTP/1.1" 400 28 "-" "PostmanRuntime/7.36.1"
::1 - - [15/Jan/2024:03:34:37 +0000] "GET /api/v1/categoreis/65a4a0e40c5a08650af97be7213 HTTP/1.1" 500 1048 "-" "PostmanRuntime/7.36.1"
::1 - - [15/Jan/2024:03:38:17 +0000] "GET /api/v1/categoreis/65a4a0e40c5a08650af97be7213 HTTP/1.1" 500 1085 "-" "PostmanRuntime/7.36.1"
::1 - - [15/Jan/2024:03:40:38 +0000] "GET /api/v1/categoreis/65a4a0e40c5a08650af97be7213 HTTP/1.1" 500 146 "-" "PostmanRuntime/7.36.1"
::1 - - [15/Jan/2024:03:41:52 +0000] "GET /api/v1/categoreis/65a4a0e40c5a08650af97be7213 HTTP/1.1" 500 146 "-" "PostmanRuntime/7.36.1"
::1 - - [15/Jan/2024:05:41:44 +0000] "GET /api/v1/categoreis/ HTTP/1.1" 200 182 "-" "PostmanRuntime/7.36.1"
::1 - - [15/Jan/2024:06:01:40 +0000] "GET /api/v1/categoreis/ HTTP/1.1" 200 182 "-" "PostmanRuntime/7.36.1"
::1 - - [15/Jan/2024:06:01:50 +0000] "GET /api/v1/categoreis/ HTTP/1.1" 200 182 "-" "PostmanRuntime/7.36.1"
::1 - - [15/Jan/2024:06:03:56 +0000] "GET /api/v1/categoreis/ HTTP/1.1" 200 26 "-" "PostmanRuntime/7.36.1"
::1 - - [15/Jan/2024:06:04:17 +0000] "GET /api/v1/categoreis/ HTTP/1.1" 200 182 "-" "PostmanRuntime/7.36.1"
::1 - - [16/Jan/2024:03:09:44 +0000] "GET /api/v1/categoreis/ HTTP/1.1" 200 182 "-" "PostmanRuntime/7.36.1"
::1 - - [16/Jan/2024:03:09:47 +0000] "GET /api/v1/categoreis/ HTTP/1.1" 200 182 "-" "PostmanRuntime/7.36.1"
::1 - - [16/Jan/2024:03:09:52 +0000] "GET /api/v1/categoreis/65a4a0e40c5a08650af97be7213 HTTP/1.1" 500 146 "-" "PostmanRuntime/7.36.1"
::1 - - [16/Jan/2024:03:11:39 +0000] "GET /api/v1/categoreis/ HTTP/1.1" 200 26 "-" "PostmanRuntime/7.36.1"
::1 - - [16/Jan/2024:03:11:44 +0000] "GET /api/v1/categoreis/65a4a0e40c5a08650af97be7213 HTTP/1.1" 500 146 "-" "PostmanRuntime/7.36.1"
::1 - - [16/Jan/2024:03:11:50 +0000] "POST /api/v1/categoreis HTTP/1.1" 500 203 "-" "PostmanRuntime/7.36.1"
::1 - - [16/Jan/2024:03:12:02 +0000] "POST /api/v1/categoreis HTTP/1.1" 500 199 "-" "PostmanRuntime/7.36.1"
::1 - - [16/Jan/2024:03:12:09 +0000] "GET /api/v1/categoreis/ HTTP/1.1" 200 381 "-" "PostmanRuntime/7.36.1"
::1 - - [16/Jan/2024:03:13:49 +0000] "GET /api/v1/categoreis/ HTTP/1.1" 200 381 "-" "PostmanRuntime/7.36.1"
::1 - - [16/Jan/2024:03:15:08 +0000] "GET /api/v1/categoreis/ HTTP/1.1" 200 26 "-" "PostmanRuntime/7.36.1"
::1 - - [16/Jan/2024:03:15:22 +0000] "POST /api/v1/categoreis HTTP/1.1" 500 199 "-" "PostmanRuntime/7.36.1"
::1 - - [16/Jan/2024:03:15:41 +0000] "POST /api/v1/categoreis HTTP/1.1" 500 212 "-" "PostmanRuntime/7.36.1"
::1 - - [16/Jan/2024:03:15:43 +0000] "GET /api/v1/categoreis/ HTTP/1.1" 200 390 "-" "PostmanRuntime/7.36.1"
::1 - - [16/Jan/2024:03:37:00 +0000] "GET /api/v1/categoreis/ HTTP/1.1" 200 26 "-" "PostmanRuntime/7.36.1"
::1 - - [16/Jan/2024:03:37:37 +0000] "GET /api/v1/categoreis/ HTTP/1.1" 200 468 "-" "PostmanRuntime/7.36.1"
::1 - - [16/Jan/2024:03:38:34 +0000] "POST /api/v1/categoreis HTTP/1.1" 500 235 "-" "PostmanRuntime/7.36.1"
::1 - - [16/Jan/2024:03:38:47 +0000] "POST /api/v1/categoreis HTTP/1.1" 500 233 "-" "PostmanRuntime/7.36.1"
::1 - - [16/Jan/2024:03:38:56 +0000] "POST /api/v1/categoreis HTTP/1.1" 500 233 "-" "PostmanRuntime/7.36.1"
::1 - - [16/Jan/2024:03:39:04 +0000] "GET /api/v1/categoreis/ HTTP/1.1" 200 1100 "-" "PostmanRuntime/7.36.1"
::1 - - [16/Jan/2024:04:32:39 +0000] "GET /api/v1/categoreis/ HTTP/1.1" 500 47 "-" "PostmanRuntime/7.36.1"
::1 - - [16/Jan/2024:04:35:48 +0000] "GET /api/v1/categoreis/?select=name,slag HTTP/1.1" 500 47 "-" "PostmanRuntime/7.36.1"
::1 - - [16/Jan/2024:04:35:55 +0000] "GET /api/v1/categoreis/?select=name HTTP/1.1" 500 47 "-" "PostmanRuntime/7.36.1"
::1 - - [16/Jan/2024:04:36:15 +0000] "GET /api/v1/categoreis/?select=name HTTP/1.1" 200 1100 "-" "PostmanRuntime/7.36.1"
::1 - - [16/Jan/2024:04:36:42 +0000] "GET /api/v1/categoreis/?select=name&avarageRating[$gte]=5 HTTP/1.1" 200 1100 "-" "PostmanRuntime/7.36.1"
::1 - - [16/Jan/2024:04:37:33 +0000] "GET /api/v1/categoreis/?select=name&avarageRating=5 HTTP/1.1" 200 1100 "-" "PostmanRuntime/7.36.1"
::1 - - [16/Jan/2024:04:38:00 +0000] "GET /api/v1/categoreis/?select=name&avarageRating=5 HTTP/1.1" 200 1100 "-" "PostmanRuntime/7.36.1"
::1 - - [16/Jan/2024:04:38:09 +0000] "GET /api/v1/categoreis/?select=name&avarageRating==5 HTTP/1.1" 200 1100 "-" "PostmanRuntime/7.36.1"
::1 - - [16/Jan/2024:04:38:22 +0000] "GET /api/v1/categoreis/?select=name&avarageRating[$gt]==5 HTTP/1.1" 200 1100 "-" "PostmanRuntime/7.36.1"
::1 - - [16/Jan/2024:04:38:31 +0000] "GET /api/v1/categoreis/?select=name&avarageRating[$lte]==5 HTTP/1.1" 200 1100 "-" "PostmanRuntime/7.36.1"
::1 - - [16/Jan/2024:04:38:49 +0000] "GET /api/v1/categoreis/?select=name&avarageRating[$lte]=5 HTTP/1.1" 200 1100 "-" "PostmanRuntime/7.36.1"
::1 - - [16/Jan/2024:04:39:41 +0000] "GET /api/v1/categoreis?select=name&avarageRating[$lte]=5 HTTP/1.1" 200 1100 "-" "PostmanRuntime/7.36.1"
::1 - - [16/Jan/2024:04:40:12 +0000] "GET /api/v1/categoreis?select=name&avarageRating[$gt]=4 HTTP/1.1" 200 1100 "-" "PostmanRuntime/7.36.1"
::1 - - [16/Jan/2024:04:41:13 +0000] "GET /api/v1/categoreis?select=name%20&avarageRating[$gt]=4 HTTP/1.1" 200 1100 "-" "PostmanRuntime/7.36.1"
::1 - - [16/Jan/2024:04:41:34 +0000] "GET /api/v1/categoreis?select=name%20&avarageRating[$gt]=4 HTTP/1.1" 200 678 "-" "PostmanRuntime/7.36.1"
::1 - - [16/Jan/2024:04:41:53 +0000] "GET /api/v1/categoreis?select=name%20&avarageRating[$gt]=4 HTTP/1.1" 200 678 "-" "PostmanRuntime/7.36.1"
::1 - - [16/Jan/2024:04:44:30 +0000] "GET /api/v1/categoreis?select=name%20&avarageRating[$gt]=4 HTTP/1.1" 200 188 "-" "PostmanRuntime/7.36.1"
::1 - - [16/Jan/2024:04:44:42 +0000] "GET /api/v1/categoreis?select=name%20&avarageRating[$gt]=4&sort=%22name%22 HTTP/1.1" 200 188 "-" "PostmanRuntime/7.36.1"
::1 - - [16/Jan/2024:04:45:11 +0000] "GET /api/v1/categoreis?select=name%20avarageRating%20&avarageRating[$gt]=4&sort=%22avarageRating%22 HTTP/1.1" 200 242 "-" "PostmanRuntime/7.36.1"
::1 - - [16/Jan/2024:04:45:30 +0000] "GET /api/v1/categoreis?select=name%20avarageRating%20&avarageRating[$gt]=4&sort=%22avarageRating%22 HTTP/1.1" 200 242 "-" "PostmanRuntime/7.36.1"
::1 - - [16/Jan/2024:04:46:33 +0000] "GET /api/v1/categoreis?select=name%20avarageRating%20&avarageRating[$gt]=4&sort=%22avarageRating%22 HTTP/1.1" 200 242 "-" "PostmanRuntime/7.36.1"
::1 - - [16/Jan/2024:04:47:36 +0000] "GET /api/v1/categoreis?select=name%20avarageRating%20&avarageRating[$gt]=4&sort=avarageRating HTTP/1.1" 200 242 "-" "PostmanRuntime/7.36.1"
::1 - - [16/Jan/2024:04:47:42 +0000] "GET /api/v1/categoreis?select=name%20avarageRating%20&avarageRating[$gt]=4&sort=-avarageRating HTTP/1.1" 200 242 "-" "PostmanRuntime/7.36.1"
::1 - - [16/Jan/2024:04:49:27 +0000] "GET /api/v1/categoreis?select=name%20avarageRating%20&avarageRating[$gt]=4&sort=-avarageRating%20avaragePrice HTTP/1.1" 200 242 "-" "PostmanRuntime/7.36.1"
::1 - - [16/Jan/2024:04:49:34 +0000] "GET /api/v1/categoreis?select=name%20avarageRating%20avaragePrice%20&avarageRating[$gt]=4&sort=-avarageRating%20avaragePrice HTTP/1.1" 200 305 "-" "PostmanRuntime/7.36.1"
::1 - - [16/Jan/2024:04:49:43 +0000] "GET /api/v1/categoreis?select=name%20avarageRating%20avaragePrice%20&avarageRating[$gt]=4&sort=avarageRating%20avaragePrice HTTP/1.1" 200 305 "-" "PostmanRuntime/7.36.1"
::1 - - [16/Jan/2024:05:02:52 +0000] "GET /api/v1/categoreis?select=name%20 HTTP/1.1" 500 60 "-" "PostmanRuntime/7.36.1"
::1 - - [16/Jan/2024:05:02:58 +0000] "GET /api/v1/categoreis?select=name HTTP/1.1" 500 60 "-" "PostmanRuntime/7.36.1"
::1 - - [16/Jan/2024:05:04:05 +0000] "GET /api/v1/categoreis?select=name&limit=1&page=2 HTTP/1.1" 200 109 "-" "PostmanRuntime/7.36.1"
::1 - - [16/Jan/2024:05:04:18 +0000] "GET /api/v1/categoreis?select=name%20&limit=1&page=2 HTTP/1.1" 200 109 "-" "PostmanRuntime/7.36.1"
::1 - - [16/Jan/2024:05:05:56 +0000] "GET /api/v1/categoreis?limit=1&page=2 HTTP/1.1" 200 109 "-" "PostmanRuntime/7.36.1"
::1 - - [16/Jan/2024:05:06:11 +0000] "GET /api/v1/categoreis?limit=1&page=2 HTTP/1.1" 200 109 "-" "PostmanRuntime/7.36.1"
::1 - - [16/Jan/2024:05:06:58 +0000] "GET /api/v1/categoreis?select=name&limit=1&page=2 HTTP/1.1" 200 109 "-" "PostmanRuntime/7.36.1"
::1 - - [16/Jan/2024:05:09:06 +0000] "GET /api/v1/categoreis?select=name&limit=1&page=2 HTTP/1.1" 200 109 "-" "PostmanRuntime/7.36.1"
::1 - - [16/Jan/2024:05:09:27 +0000] "GET /api/v1/categoreis?select=name&limit=1&page=2 HTTP/1.1" 200 166 "-" "PostmanRuntime/7.36.1"
::1 - - [16/Jan/2024:05:42:18 +0000] "POST /api/v1/categoreis HTTP/1.1" 500 339 "-" "PostmanRuntime/7.36.1"
::1 - - [16/Jan/2024:05:42:43 +0000] "POST /api/v1/categoreis HTTP/1.1" 500 291 "-" "PostmanRuntime/7.36.1"
::1 - - [16/Jan/2024:05:43:13 +0000] "POST /api/v1/categoreis HTTP/1.1" 500 286 "-" "PostmanRuntime/7.36.1"
::1 - - [16/Jan/2024:05:43:33 +0000] "POST /api/v1/categoreis HTTP/1.1" 500 369 "-" "PostmanRuntime/7.36.1"
::1 - - [16/Jan/2024:05:43:37 +0000] "GET /api/v1/categoreis?select=name&limit=1&page=2 HTTP/1.1" 200 186 "-" "PostmanRuntime/7.36.1"
::1 - - [16/Jan/2024:05:43:43 +0000] "GET /api/v1/categoreis HTTP/1.1" 500 60 "-" "PostmanRuntime/7.36.1"
::1 - - [16/Jan/2024:05:43:46 +0000] "GET /api/v1/categoreis%D1%8E HTTP/1.1" 404 162 "-" "PostmanRuntime/7.36.1"
::1 - - [16/Jan/2024:05:43:50 +0000] "GET /api/v1/categoreis/ HTTP/1.1" 500 60 "-" "PostmanRuntime/7.36.1"
::1 - - [16/Jan/2024:05:44:07 +0000] "GET /api/v1/categoreis?select=name HTTP/1.1" 500 60 "-" "PostmanRuntime/7.36.1"
::1 - - [16/Jan/2024:05:45:00 +0000] "GET /api/v1/categoreis?select=name&limit=1&page=2 HTTP/1.1" 200 186 "-" "PostmanRuntime/7.36.1"
::1 - - [16/Jan/2024:05:45:07 +0000] "GET /api/v1/categoreis?select=name HTTP/1.1" 500 60 "-" "PostmanRuntime/7.36.1"
::1 - - [16/Jan/2024:05:46:07 +0000] "GET /api/v1/categoreis?select=name HTTP/1.1" 500 60 "-" "PostmanRuntime/7.36.1"
::1 - - [16/Jan/2024:05:46:33 +0000] "GET /api/v1/categoreis?select=name HTTP/1.1" 500 60 "-" "PostmanRuntime/7.36.1"
::1 - - [16/Jan/2024:05:47:19 +0000] "GET /api/v1/categoreis?select=name HTTP/1.1" 500 60 "-" "PostmanRuntime/7.36.1"
::1 - - [16/Jan/2024:05:48:20 +0000] "GET /api/v1/categoreis?select=name%20 HTTP/1.1" 500 60 "-" "PostmanRuntime/7.36.1"
::1 - - [17/Jan/2024:03:13:36 +0000] "GET /api/v1/categoreis?select=name%20 HTTP/1.1" 500 60 "-" "PostmanRuntime/7.36.1"
::1 - - [17/Jan/2024:03:13:45 +0000] "GET /api/v1/categoreis/ HTTP/1.1" 500 60 "-" "PostmanRuntime/7.36.1"
::1 - - [17/Jan/2024:03:16:04 +0000] "GET /api/v1/categoreis/ HTTP/1.1" 200 1171 "-" "PostmanRuntime/7.36.1"
::1 - - [17/Jan/2024:03:16:17 +0000] "GET /api/v1/categoreis?select=name HTTP/1.1" 200 358 "-" "PostmanRuntime/7.36.1"
::1 - - [17/Jan/2024:03:17:21 +0000] "GET /api/v1/categoreis?select=name HTTP/1.1" 500 47 "-" "PostmanRuntime/7.36.1"
::1 - - [17/Jan/2024:03:17:55 +0000] "GET /api/v1/categoreis?select=name HTTP/1.1" 500 60 "-" "PostmanRuntime/7.36.1"
::1 - - [17/Jan/2024:03:22:49 +0000] "GET /api/v1/categoreis?select=name HTTP/1.1" 200 358 "-" "PostmanRuntime/7.36.1"
::1 - - [17/Jan/2024:03:45:11 +0000] "GET /api/v1/categoreis?select=name HTTP/1.1" 200 356 "-" "PostmanRuntime/7.36.1"
::1 - - [17/Jan/2024:04:01:24 +0000] "GET /api/v1/books HTTP/1.1" 500 70 "-" "PostmanRuntime/7.36.1"
::1 - - [17/Jan/2024:04:02:00 +0000] "GET /api/v1/books HTTP/1.1" 500 70 "-" "PostmanRuntime/7.36.1"
::1 - - [17/Jan/2024:04:02:54 +0000] "GET /api/v1/books HTTP/1.1" 200 29109 "-" "PostmanRuntime/7.36.1"
::1 - - [17/Jan/2024:04:03:29 +0000] "GET /api/v1/books HTTP/1.1" 200 29120 "-" "PostmanRuntime/7.36.1"
::1 - - [17/Jan/2024:04:03:44 +0000] "GET /api/v1/categoreis?select=name HTTP/1.1" 200 356 "-" "PostmanRuntime/7.36.1"
::1 - - [17/Jan/2024:04:05:38 +0000] "GET /api/v1/books HTTP/1.1" 200 29120 "-" "PostmanRuntime/7.36.1"
::1 - - [17/Jan/2024:04:08:48 +0000] "GET /api/v1/categoreis/65a4a0e40c5a08650af97be7213 HTTP/1.1" 500 146 "-" "PostmanRuntime/7.36.1"
::1 - - [17/Jan/2024:04:08:52 +0000] "GET /api/v1/categoreis?select=name HTTP/1.1" 200 356 "-" "PostmanRuntime/7.36.1"
::1 - - [17/Jan/2024:04:08:59 +0000] "GET /api/v1/categoreis?select=name%20id HTTP/1.1" 200 356 "-" "PostmanRuntime/7.36.1"
::1 - - [17/Jan/2024:04:09:18 +0000] "GET /api/v1/categoreis/5e90478549941f52dcb01b34 HTTP/1.1" 200 318 "-" "PostmanRuntime/7.36.1"
::1 - - [17/Jan/2024:04:09:28 +0000] "GET /api/v1/categoreis/5e90478549941f52dcb01b34/books HTTP/1.1" 500 70 "-" "PostmanRuntime/7.36.1"
::1 - - [17/Jan/2024:04:10:28 +0000] "GET /api/v1/categoreis/5e90478549941f52dcb01b34/books HTTP/1.1" 400 74 "-" "PostmanRuntime/7.36.1"
::1 - - [17/Jan/2024:04:10:39 +0000] "GET /api/v1/categoreis/5e90478549941f52dcb01b34 HTTP/1.1" 200 318 "-" "PostmanRuntime/7.36.1"
::1 - - [17/Jan/2024:04:10:49 +0000] "GET /api/v1/categoreis/5e90478549941f52dcb01b34/books HTTP/1.1" 400 74 "-" "PostmanRuntime/7.36.1"
::1 - - [17/Jan/2024:04:11:06 +0000] "GET /api/v1/categoreis/5e90478549941f52dcb01b34/books HTTP/1.1" 400 74 "-" "PostmanRuntime/7.36.1"
::1 - - [17/Jan/2024:04:11:10 +0000] "GET /api/v1/categoreis/5e90478549941f52dcb01b34 HTTP/1.1" 200 318 "-" "PostmanRuntime/7.36.1"
::1 - - [17/Jan/2024:04:12:02 +0000] "GET /api/v1/categoreis/5e90478549941f52dcb01b34 HTTP/1.1" 200 318 "-" "PostmanRuntime/7.36.1"
::1 - - [17/Jan/2024:04:12:08 +0000] "GET /api/v1/categoreis/5e90478549941f52dcb01b34/books HTTP/1.1" 200 7169 "-" "PostmanRuntime/7.36.1"
